<html>
<head>
<title>TestNG:  All tests</title>
<link href="../testng.css" rel="stylesheet" type="text/css" />
<link href="../my-testng.css" rel="stylesheet" type="text/css" />

<style type="text/css">
.log { display: none;} 
.stack-trace { display: none;} 
</style>
<script type="text/javascript">
<!--
function flip(e) {
  current = e.style.display;
  if (current == 'block') {
    e.style.display = 'none';
    return 0;
  }
  else {
    e.style.display = 'block';
    return 1;
  }
}

function toggleBox(szDivId, elem, msg1, msg2)
{
  var res = -1;  if (document.getElementById) {
    res = flip(document.getElementById(szDivId));
  }
  else if (document.all) {
    // this is the way old msie versions work
    res = flip(document.all[szDivId]);
  }
  if(elem) {
    if(res == 0) elem.innerHTML = msg1; else elem.innerHTML = msg2;
  }

}

function toggleAllBoxes() {
  if (document.getElementsByTagName) {
    d = document.getElementsByTagName('div');
    for (i = 0; i < d.length; i++) {
      if (d[i].className == 'log') {
        flip(d[i]);
      }
    }
  }
}

// -->
</script>

</head>
<body>
<h2 align='center'>All tests</h2><table border='1' align="center">
<tr>
<td>Tests passed/Failed/Skipped:</td><td>16/1/2</td>
</tr><tr>
<td>Started on:</td><td>Tue Oct 12 09:06:33 EDT 2021</td>
</tr>
<tr><td>Total time:</td><td>67 seconds (67895 ms)</td>
</tr><tr>
<td>Included groups:</td><td></td>
</tr><tr>
<td>Excluded groups:</td><td></td>
</tr>
</table><p/>
<small><i>(Hover the method name to see the test class name)</i></small><p/>
<table width='100%' border='1' class='invocation-failed'>
<tr><td colspan='4' align='center'><b>FAILED TESTS</b></td></tr>
<tr><td><b>javaPractice method</b></td>
<td width="30%"><b>Exception</b></td>
<td width="10%"><b>Time (seconds)</b></td>
<td><b>Instance</b></td>
</tr>
<tr>
<td title='pageTests.LoginTests.loginTest()'><b>loginTest</b><br>javaPractice class: pageTests.LoginTests</td>
<td><div><pre>java.lang.AssertionError: expected [true] but found [false]
	at pageTests.LoginTests.loginTest(LoginTests.java:14)
	at java.base/java.util.concurrent.ThreadPoolExecutor.runWorker(ThreadPoolExecutor.java:1128)
	at java.base/java.util.concurrent.ThreadPoolExecutor$Worker.run(ThreadPoolExecutor.java:628)
	at java.base/java.lang.Thread.run(Thread.java:834)
... Removed 14 stack frames</pre></div><a href='#' onClick='toggleBox("stack-trace784327174", this, "Click to show all stack frames", "Click to hide stack frames")'>Click to show all stack frames</a>
<div class='stack-trace' id='stack-trace784327174'><pre>java.lang.AssertionError: expected [true] but found [false]
	at org.testng.Assert.fail(Assert.java:96)
	at org.testng.Assert.failNotEquals(Assert.java:776)
	at org.testng.Assert.assertTrue(Assert.java:44)
	at org.testng.Assert.assertTrue(Assert.java:54)
	at pageTests.LoginTests.loginTest(LoginTests.java:14)
	at java.base/jdk.internal.reflect.NativeMethodAccessorImpl.invoke0(Native Method)
	at java.base/jdk.internal.reflect.NativeMethodAccessorImpl.invoke(NativeMethodAccessorImpl.java:62)
	at java.base/jdk.internal.reflect.DelegatingMethodAccessorImpl.invoke(DelegatingMethodAccessorImpl.java:43)
	at java.base/java.lang.reflect.Method.invoke(Method.java:566)
	at org.testng.internal.MethodInvocationHelper.invokeMethod(MethodInvocationHelper.java:124)
	at org.testng.internal.Invoker.invokeMethod(Invoker.java:583)
	at org.testng.internal.Invoker.invokeTestMethod(Invoker.java:719)
	at org.testng.internal.Invoker.invokeTestMethods(Invoker.java:989)
	at org.testng.internal.TestMethodWorker.invokeTestMethods(TestMethodWorker.java:125)
	at org.testng.internal.TestMethodWorker.run(TestMethodWorker.java:109)
	at java.base/java.util.concurrent.ThreadPoolExecutor.runWorker(ThreadPoolExecutor.java:1128)
	at java.base/java.util.concurrent.ThreadPoolExecutor$Worker.run(ThreadPoolExecutor.java:628)
	at java.base/java.lang.Thread.run(Thread.java:834)
</pre></div></td>
<td>11</td>
<td>pageTests.LoginTests@40ef3420</td></tr>
</table><p>
<table width='100%' border='1' class='invocation-passed'>
<tr><td colspan='4' align='center'><b>PASSED TESTS</b></td></tr>
<tr><td><b>javaPractice method</b></td>
<td width="30%"><b>Exception</b></td>
<td width="10%"><b>Time (seconds)</b></td>
<td><b>Instance</b></td>
</tr>
<tr>
<td title='pageTests.PlaylistTests.createPlaylistTest()'><b>createPlaylistTest</b><br>javaPractice class: pageTests.PlaylistTests</td>
<td></td>
<td>4</td>
<td>pageTests.PlaylistTests@6e171cd7</td></tr>
<tr>
<td title='pageTests.PlaylistTests.createPlaylistTest2()'><b>createPlaylistTest2</b><br>javaPractice class: pageTests.PlaylistTests</td>
<td></td>
<td>3</td>
<td>pageTests.PlaylistTests@6e171cd7</td></tr>
<tr>
<td title='pageTests.PlaylistTests2.createPlaylistTest2x()'><b>createPlaylistTest2x</b><br>javaPractice class: pageTests.PlaylistTests2</td>
<td></td>
<td>3</td>
<td>pageTests.PlaylistTests2@402bba4f</td></tr>
<tr>
<td title='pageTests.PlaylistTests2.createPlaylistTestx()'><b>createPlaylistTestx</b><br>javaPractice class: pageTests.PlaylistTests2</td>
<td></td>
<td>4</td>
<td>pageTests.PlaylistTests2@402bba4f</td></tr>
<tr>
<td title='pageTests.LoginTests.loginTest2()'><b>loginTest2</b><br>javaPractice class: pageTests.LoginTests</td>
<td></td>
<td>1</td>
<td>pageTests.LoginTests@40ef3420</td></tr>
<tr>
<td title='pageTests.LoginTests2.loginTest2x()'><b>loginTest2x</b><br>javaPractice class: pageTests.LoginTests2</td>
<td></td>
<td>1</td>
<td>pageTests.LoginTests2@498d318c</td></tr>
<tr>
<td title='pageTests.LoginTests2.loginTestx()'><b>loginTestx</b><br>javaPractice class: pageTests.LoginTests2</td>
<td></td>
<td>2</td>
<td>pageTests.LoginTests2@498d318c</td></tr>
<tr>
<td title='pageTests.PlaylistTests.renamePlaylistTest()'><b>renamePlaylistTest</b><br>javaPractice class: pageTests.PlaylistTests</td>
<td></td>
<td>4</td>
<td>pageTests.PlaylistTests@6e171cd7</td></tr>
<tr>
<td title='pageTests.PlaylistTests.renamePlaylistTest2()'><b>renamePlaylistTest2</b><br>javaPractice class: pageTests.PlaylistTests</td>
<td></td>
<td>4</td>
<td>pageTests.PlaylistTests@6e171cd7</td></tr>
<tr>
<td title='pageTests.PlaylistTests2.renamePlaylistTest2x()'><b>renamePlaylistTest2x</b><br>javaPractice class: pageTests.PlaylistTests2</td>
<td></td>
<td>4</td>
<td>pageTests.PlaylistTests2@402bba4f</td></tr>
<tr>
<td title='pageTests.PlaylistTests2.renamePlaylistTestx()'><b>renamePlaylistTestx</b><br>javaPractice class: pageTests.PlaylistTests2</td>
<td></td>
<td>4</td>
<td>pageTests.PlaylistTests2@402bba4f</td></tr>
<tr>
<td title='pageTests.LoginTests.wrongLoginTest1()'><b>wrongLoginTest1</b><br>javaPractice class: pageTests.LoginTests</td>
<td></td>
<td>11</td>
<td>pageTests.LoginTests@40ef3420</td></tr>
<tr>
<td title='pageTests.LoginTests2.wrongLoginTest1x()'><b>wrongLoginTest1x</b><br>javaPractice class: pageTests.LoginTests2</td>
<td></td>
<td>11</td>
<td>pageTests.LoginTests2@498d318c</td></tr>
<tr>
<td title='pageTests.LoginTests.wrongLoginTest2()'><b>wrongLoginTest2</b><br>javaPractice class: pageTests.LoginTests</td>
<td></td>
<td>11</td>
<td>pageTests.LoginTests@40ef3420</td></tr>
<tr>
<td title='pageTests.LoginTests2.wrongLoginTest2x()'><b>wrongLoginTest2x</b><br>javaPractice class: pageTests.LoginTests2</td>
<td></td>
<td>11</td>
<td>pageTests.LoginTests2@498d318c</td></tr>
<tr>
<td title='pageTests.LoginTests2.wrongLoginTestx()'><b>wrongLoginTestx</b><br>javaPractice class: pageTests.LoginTests2</td>
<td></td>
<td>11</td>
<td>pageTests.LoginTests2@498d318c</td></tr>
</table><p>
<table width='100%' border='1' class='invocation-skipped'>
<tr><td colspan='4' align='center'><b>SKIPPED TESTS</b></td></tr>
<tr><td><b>javaPractice method</b></td>
<td width="30%"><b>Exception</b></td>
<td width="10%"><b>Time (seconds)</b></td>
<td><b>Instance</b></td>
</tr>
<tr>
<td title='pageTests.PlaylistTests2.createPlaylistTest2x()'><b>createPlaylistTest2x</b><br>javaPractice class: pageTests.PlaylistTests2</td>
<td><div><pre>java.lang.AssertionError: expected [true] but found [false]
	at pageTests.PlaylistTests2.createPlaylistTest2x(PlaylistTests2.java:46)
	at java.base/java.util.concurrent.ThreadPoolExecutor.runWorker(ThreadPoolExecutor.java:1128)
	at java.base/java.util.concurrent.ThreadPoolExecutor$Worker.run(ThreadPoolExecutor.java:628)
	at java.base/java.lang.Thread.run(Thread.java:834)
... Removed 14 stack frames</pre></div><a href='#' onClick='toggleBox("stack-trace1116623772", this, "Click to show all stack frames", "Click to hide stack frames")'>Click to show all stack frames</a>
<div class='stack-trace' id='stack-trace1116623772'><pre>java.lang.AssertionError: expected [true] but found [false]
	at org.testng.Assert.fail(Assert.java:96)
	at org.testng.Assert.failNotEquals(Assert.java:776)
	at org.testng.Assert.assertTrue(Assert.java:44)
	at org.testng.Assert.assertTrue(Assert.java:54)
	at pageTests.PlaylistTests2.createPlaylistTest2x(PlaylistTests2.java:46)
	at java.base/jdk.internal.reflect.NativeMethodAccessorImpl.invoke0(Native Method)
	at java.base/jdk.internal.reflect.NativeMethodAccessorImpl.invoke(NativeMethodAccessorImpl.java:62)
	at java.base/jdk.internal.reflect.DelegatingMethodAccessorImpl.invoke(DelegatingMethodAccessorImpl.java:43)
	at java.base/java.lang.reflect.Method.invoke(Method.java:566)
	at org.testng.internal.MethodInvocationHelper.invokeMethod(MethodInvocationHelper.java:124)
	at org.testng.internal.Invoker.invokeMethod(Invoker.java:583)
	at org.testng.internal.Invoker.invokeTestMethod(Invoker.java:719)
	at org.testng.internal.Invoker.invokeTestMethods(Invoker.java:989)
	at org.testng.internal.TestMethodWorker.invokeTestMethods(TestMethodWorker.java:125)
	at org.testng.internal.TestMethodWorker.run(TestMethodWorker.java:109)
	at java.base/java.util.concurrent.ThreadPoolExecutor.runWorker(ThreadPoolExecutor.java:1128)
	at java.base/java.util.concurrent.ThreadPoolExecutor$Worker.run(ThreadPoolExecutor.java:628)
	at java.base/java.lang.Thread.run(Thread.java:834)
</pre></div></td>
<td>3</td>
<td>pageTests.PlaylistTests2@402bba4f</td></tr>
<tr>
<td title='pageTests.PlaylistTests2.createPlaylistTest2x()'><b>createPlaylistTest2x</b><br>javaPractice class: pageTests.PlaylistTests2</td>
<td><div><pre>java.lang.AssertionError: expected [true] but found [false]
	at pageTests.PlaylistTests2.createPlaylistTest2x(PlaylistTests2.java:46)
	at java.base/java.util.concurrent.ThreadPoolExecutor.runWorker(ThreadPoolExecutor.java:1128)
	at java.base/java.util.concurrent.ThreadPoolExecutor$Worker.run(ThreadPoolExecutor.java:628)
	at java.base/java.lang.Thread.run(Thread.java:834)
... Removed 14 stack frames</pre></div><a href='#' onClick='toggleBox("stack-trace2061237450", this, "Click to show all stack frames", "Click to hide stack frames")'>Click to show all stack frames</a>
<div class='stack-trace' id='stack-trace2061237450'><pre>java.lang.AssertionError: expected [true] but found [false]
	at org.testng.Assert.fail(Assert.java:96)
	at org.testng.Assert.failNotEquals(Assert.java:776)
	at org.testng.Assert.assertTrue(Assert.java:44)
	at org.testng.Assert.assertTrue(Assert.java:54)
	at pageTests.PlaylistTests2.createPlaylistTest2x(PlaylistTests2.java:46)
	at java.base/jdk.internal.reflect.NativeMethodAccessorImpl.invoke0(Native Method)
	at java.base/jdk.internal.reflect.NativeMethodAccessorImpl.invoke(NativeMethodAccessorImpl.java:62)
	at java.base/jdk.internal.reflect.DelegatingMethodAccessorImpl.invoke(DelegatingMethodAccessorImpl.java:43)
	at java.base/java.lang.reflect.Method.invoke(Method.java:566)
	at org.testng.internal.MethodInvocationHelper.invokeMethod(MethodInvocationHelper.java:124)
	at org.testng.internal.Invoker.invokeMethod(Invoker.java:583)
	at org.testng.internal.Invoker.retryFailed(Invoker.java:839)
	at org.testng.internal.Invoker.invokeTestMethods(Invoker.java:1010)
	at org.testng.internal.TestMethodWorker.invokeTestMethods(TestMethodWorker.java:125)
	at org.testng.internal.TestMethodWorker.run(TestMethodWorker.java:109)
	at java.base/java.util.concurrent.ThreadPoolExecutor.runWorker(ThreadPoolExecutor.java:1128)
	at java.base/java.util.concurrent.ThreadPoolExecutor$Worker.run(ThreadPoolExecutor.java:628)
	at java.base/java.lang.Thread.run(Thread.java:834)
</pre></div></td>
<td>3</td>
<td>pageTests.PlaylistTests2@402bba4f</td></tr>
</table><p>
</body>
</html>