<?xml version="1.0" encoding="UTF-8"?>
<!-- Generated by org.testng.reporters.JUnitXMLReporter -->
<testsuite ignored="3" hostname="Aiazs-MacBook-Pro.local" failures="1" tests="19" name="All tests" time="67.895" errors="0" timestamp="12 Oct 2021 13:07:41 GMT">
  <testcase classname="pageTests.LoginTests2" name="loginTestx" time="2.827"/>
  <testcase classname="pageTests.PlaylistTests2" name="createPlaylistTestx" time="4.102"/>
  <testcase classname="pageTests.PlaylistTests" name="createPlaylistTest" time="4.163"/>
  <testcase classname="pageTests.LoginTests" name="loginTest" time="11.631">
    <failure type="java.lang.AssertionError" message="expected [true] but found [false]">
      <![CDATA[java.lang.AssertionError: expected [true] but found [false]
at pageTests.LoginTests.loginTest(LoginTests.java:14)
at java.base/java.util.concurrent.ThreadPoolExecutor.runWorker(ThreadPoolExecutor.java:1128)
at java.base/java.util.concurrent.ThreadPoolExecutor$Worker.run(ThreadPoolExecutor.java:628)
at java.base/java.lang.Thread.run(Thread.java:834)
... Removed 14 stack frames]]>
    </failure>
  </testcase> <!-- loginTest -->
  <testcase classname="pageTests.PlaylistTests" name="renamePlaylistTest" time="4.125"/>
  <testcase classname="pageTests.PlaylistTests2" name="renamePlaylistTestx" time="4.209"/>
  <testcase classname="pageTests.LoginTests2" name="wrongLoginTestx" time="11.195"/>
  <testcase classname="pageTests.PlaylistTests" name="createPlaylistTest2" time="3.441"/>
  <testcase classname="pageTests.PlaylistTests2" name="createPlaylistTest2x" time="3.476">
    <skipped/>
  </testcase> <!-- createPlaylistTest2x -->
  <testcase classname="pageTests.LoginTests" name="wrongLoginTest1" time="11.151"/>
  <testcase classname="pageTests.PlaylistTests2" name="createPlaylistTest2x" time="3.369">
    <skipped/>
  </testcase> <!-- createPlaylistTest2x -->
  <testcase classname="pageTests.PlaylistTests" name="renamePlaylistTest2" time="4.67"/>
  <testcase classname="pageTests.LoginTests" name="loginTest2" time="1.366"/>
  <testcase classname="pageTests.LoginTests2" name="wrongLoginTest1x" time="11.084"/>
  <testcase classname="pageTests.PlaylistTests2" name="createPlaylistTest2x" time="3.281"/>
  <testcase classname="pageTests.LoginTests2" name="loginTest2x" time="1.375"/>
  <testcase classname="pageTests.PlaylistTests2" name="renamePlaylistTest2x" time="4.548"/>
  <testcase classname="pageTests.LoginTests" name="wrongLoginTest2" time="11.108"/>
  <testcase classname="pageTests.LoginTests2" name="wrongLoginTest2x" time="11.125"/>
  <testcase classname="pageTests.LoginTests" name="wrongLoginTest" time="0.0">
    <ignored/>
  </testcase> <!-- wrongLoginTest -->
  <testcase classname="pageTests.LoginTests2" name="loginTest1x" time="0.0">
    <ignored/>
  </testcase> <!-- loginTest1x -->
  <testcase classname="pageTests.LoginTests" name="loginTest1" time="0.0">
    <ignored/>
  </testcase> <!-- loginTest1 -->
</testsuite> <!-- All tests -->
